Generated at 2016-07-28 13:58:34 +0200
Chef::Exceptions::NoSuchResourceType: Cannot find a resource for tomcat_service on mac_os_x version 10.11.4
/opt/chefdk/embedded/lib/ruby/gems/2.1.0/gems/chef-12.11.18/lib/chef/resource.rb:1515:in `resource_for_node'
/Users/Youssef/Repositories/Chef-Project/open-source-cookbooks/local-mode-cache/cache/cookbooks/compat_resource/files/lib/chef_compat/copied_from_chef/chef/resource_builder.rb:112:in `resource_class'
/Users/Youssef/Repositories/Chef-Project/open-source-cookbooks/local-mode-cache/cache/cookbooks/compat_resource/files/lib/chef_compat/copied_from_chef/chef/resource_builder.rb:57:in `build'
/Users/Youssef/Repositories/Chef-Project/open-source-cookbooks/local-mode-cache/cache/cookbooks/compat_resource/files/lib/chef_compat/copied_from_chef/chef/dsl/declare_resource.rb:286:in `build_resource'
/Users/Youssef/Repositories/Chef-Project/open-source-cookbooks/local-mode-cache/cache/cookbooks/compat_resource/files/lib/chef_compat/copied_from_chef/chef/dsl/declare_resource.rb:243:in `declare_resource'
/opt/chefdk/embedded/lib/ruby/gems/2.1.0/gems/chef-12.11.18/lib/chef/dsl/resources.rb:40:in `tomcat_service'
/Users/Youssef/Repositories/Chef-Project/open-source-cookbooks/local-mode-cache/cache/cookbooks/tomcat/recipes/default.rb:26:in `from_file'
/opt/chefdk/embedded/lib/ruby/gems/2.1.0/gems/chef-12.11.18/lib/chef/mixin/from_file.rb:30:in `instance_eval'
/opt/chefdk/embedded/lib/ruby/gems/2.1.0/gems/chef-12.11.18/lib/chef/mixin/from_file.rb:30:in `from_file'
/opt/chefdk/embedded/lib/ruby/gems/2.1.0/gems/chef-12.11.18/lib/chef/cookbook_version.rb:233:in `load_recipe'
/opt/chefdk/embedded/lib/ruby/gems/2.1.0/gems/chef-12.11.18/lib/chef/run_context.rb:354:in `load_recipe'
/opt/chefdk/embedded/lib/ruby/gems/2.1.0/gems/chef-12.11.18/lib/chef/run_context.rb:310:in `block in include_recipe'
/opt/chefdk/embedded/lib/ruby/gems/2.1.0/gems/chef-12.11.18/lib/chef/run_context.rb:309:in `each'
/opt/chefdk/embedded/lib/ruby/gems/2.1.0/gems/chef-12.11.18/lib/chef/run_context.rb:309:in `include_recipe'
/opt/chefdk/embedded/lib/ruby/gems/2.1.0/gems/chef-12.11.18/lib/chef/dsl/include_recipe.rb:26:in `include_recipe'
/Users/Youssef/Repositories/Chef-Project/open-source-cookbooks/local-mode-cache/cache/cookbooks/IBMCookbook/recipes/default.rb:7:in `from_file'
/opt/chefdk/embedded/lib/ruby/gems/2.1.0/gems/chef-12.11.18/lib/chef/mixin/from_file.rb:30:in `instance_eval'
/opt/chefdk/embedded/lib/ruby/gems/2.1.0/gems/chef-12.11.18/lib/chef/mixin/from_file.rb:30:in `from_file'
/opt/chefdk/embedded/lib/ruby/gems/2.1.0/gems/chef-12.11.18/lib/chef/cookbook_version.rb:233:in `load_recipe'
/opt/chefdk/embedded/lib/ruby/gems/2.1.0/gems/chef-12.11.18/lib/chef/run_context.rb:354:in `load_recipe'
/opt/chefdk/embedded/lib/ruby/gems/2.1.0/gems/chef-12.11.18/lib/chef/run_context/cookbook_compiler.rb:140:in `block in compile_recipes'
/opt/chefdk/embedded/lib/ruby/gems/2.1.0/gems/chef-12.11.18/lib/chef/run_context/cookbook_compiler.rb:138:in `each'
/opt/chefdk/embedded/lib/ruby/gems/2.1.0/gems/chef-12.11.18/lib/chef/run_context/cookbook_compiler.rb:138:in `compile_recipes'
/opt/chefdk/embedded/lib/ruby/gems/2.1.0/gems/chef-12.11.18/lib/chef/run_context/cookbook_compiler.rb:75:in `compile'
/opt/chefdk/embedded/lib/ruby/gems/2.1.0/gems/chef-12.11.18/lib/chef/run_context.rb:176:in `load'
/opt/chefdk/embedded/lib/ruby/gems/2.1.0/gems/chef-12.11.18/lib/chef/policy_builder/expand_node_object.rb:97:in `setup_run_context'
/opt/chefdk/embedded/lib/ruby/gems/2.1.0/gems/chef-12.11.18/lib/chef/client.rb:510:in `setup_run_context'
/opt/chefdk/embedded/lib/ruby/gems/2.1.0/gems/chef-12.11.18/lib/chef/client.rb:280:in `run'
/opt/chefdk/embedded/lib/ruby/gems/2.1.0/gems/chef-12.11.18/lib/chef/application.rb:286:in `block in fork_chef_client'
/opt/chefdk/embedded/lib/ruby/gems/2.1.0/gems/chef-12.11.18/lib/chef/application.rb:274:in `fork'
/opt/chefdk/embedded/lib/ruby/gems/2.1.0/gems/chef-12.11.18/lib/chef/application.rb:274:in `fork_chef_client'
/opt/chefdk/embedded/lib/ruby/gems/2.1.0/gems/chef-12.11.18/lib/chef/application.rb:239:in `block in run_chef_client'
/opt/chefdk/embedded/lib/ruby/gems/2.1.0/gems/chef-12.11.18/lib/chef/local_mode.rb:44:in `with_server_connectivity'
/opt/chefdk/embedded/lib/ruby/gems/2.1.0/gems/chef-12.11.18/lib/chef/application.rb:227:in `run_chef_client'
/opt/chefdk/embedded/lib/ruby/gems/2.1.0/gems/chef-12.11.18/lib/chef/application/client.rb:456:in `sleep_then_run_chef_client'
/opt/chefdk/embedded/lib/ruby/gems/2.1.0/gems/chef-12.11.18/lib/chef/application/client.rb:443:in `block in interval_run_chef_client'
/opt/chefdk/embedded/lib/ruby/gems/2.1.0/gems/chef-12.11.18/lib/chef/application/client.rb:442:in `loop'
/opt/chefdk/embedded/lib/ruby/gems/2.1.0/gems/chef-12.11.18/lib/chef/application/client.rb:442:in `interval_run_chef_client'
/opt/chefdk/embedded/lib/ruby/gems/2.1.0/gems/chef-12.11.18/lib/chef/application/client.rb:426:in `run_application'
/opt/chefdk/embedded/lib/ruby/gems/2.1.0/gems/chef-12.11.18/lib/chef/application.rb:59:in `run'
/opt/chefdk/embedded/lib/ruby/gems/2.1.0/gems/chef-12.11.18/lib/chef/application/solo.rb:217:in `run'
/opt/chefdk/embedded/lib/ruby/gems/2.1.0/gems/chef-12.11.18/bin/chef-solo:25:in `<top (required)>'
/usr/local/bin/chef-solo:52:in `load'
/usr/local/bin/chef-solo:52:in `<main>'